生成启动时间为 2022/6/8 17:02:28。
     1>项目“E:\vs-try\温故而知新\哈希表\实现哈希结构\利用线性探测解决哈希冲突 - 副本\Project1\Project1.vcxproj”在节点 2 上(Build 个目标)。
     1>ClCompile:
         D:\VisualStudio2013\VC\bin\CL.exe /c /ZI /nologo /W3 /WX- /sdl /Od /Oy- /D _MBCS /Gm /EHsc /RTC1 /MDd /GS /fp:precise /Zc:wchar_t /Zc:forScope /Fo"Debug\\" /Fd"Debug\vc120.pdb" /Gd /TP /analyze- /errorReport:prompt main.cpp
         main.cpp
     1>e:\vs-try\温故而知新\哈希表\实现哈希结构\利用线性探测解决哈希冲突 - 副本\project1\main.cpp(117): warning C4348: “HTable”: 重定义默认参数 : 参数 4
                 e:\vs-try\温故而知新\哈希表\实现哈希结构\利用线性探测解决哈希冲突 - 副本\project1\main.cpp(119) : 参见“HTable”的声明
     1>e:\vs-try\温故而知新\哈希表\实现哈希结构\利用线性探测解决哈希冲突 - 副本\project1\main.cpp(99): warning C4018: “<”: 有符号/无符号不匹配
                 e:\vs-try\温故而知新\哈希表\实现哈希结构\利用线性探测解决哈希冲突 - 副本\project1\main.cpp(88): 编译类 模板 成员函数“HashIterator<K,V,KeyofValue,HashFun> &HashIterator<K,V,KeyofValue,HashFun>::operator ++(void)”时
                 with
                 [
                     K=int
         ,            V=std::pair<int,int>
         ,            KeyofValue=Map<int,int>::MapKeyofValue
         ,            HashFun=HashFun<int>
                 ]
                 e:\vs-try\温故而知新\哈希表\实现哈希结构\利用线性探测解决哈希冲突 - 副本\project1\main.cpp(329): 参见对正在编译的函数 模板 实例化“HashIterator<K,V,KeyofValue,HashFun> &HashIterator<K,V,KeyofValue,HashFun>::operator ++(void)”的引用
                 with
                 [
                     K=int
         ,            V=std::pair<int,int>
         ,            KeyofValue=Map<int,int>::MapKeyofValue
         ,            HashFun=HashFun<int>
                 ]
                 d:\visualstudio2013\vc\include\utility(198): 参见对正在编译的类 模板 实例化“HashIterator<K,V,KeyofValue,HashFun>”的引用
                 with
                 [
                     K=int
         ,            V=std::pair<int,int>
         ,            KeyofValue=Map<int,int>::MapKeyofValue
         ,            HashFun=HashFun<int>
                 ]
                 e:\vs-try\温故而知新\哈希表\实现哈希结构\利用线性探测解决哈希冲突 - 副本\project1\main.cpp(319): 参见对正在编译的类 模板 实例化“std::pair<HashIterator<K,V,KeyofValue,HashFun>,bool>”的引用
                 with
                 [
                     K=int
         ,            V=std::pair<int,int>
         ,            KeyofValue=Map<int,int>::MapKeyofValue
         ,            HashFun=HashFun<int>
                 ]
     1>e:\vs-try\温故而知新\哈希表\实现哈希结构\利用线性探测解决哈希冲突 - 副本\project1\main.cpp(136): warning C4018: “<”: 有符号/无符号不匹配
                 e:\vs-try\温故而知新\哈希表\实现哈希结构\利用线性探测解决哈希冲突 - 副本\project1\main.cpp(134): 编译类 模板 成员函数“HashIterator<K,V,KeyofValue,HashFun> HTable<K,V,KeyofValue,HashFun>::begin(void)”时
                 with
                 [
                     K=int
         ,            V=std::pair<int,int>
         ,            KeyofValue=Map<int,int>::MapKeyofValue
         ,            HashFun=HashFun<int>
                 ]
                 e:\vs-try\温故而知新\哈希表\实现哈希结构\利用线性探测解决哈希冲突 - 副本\project1\main.cpp(265): 参见对正在编译的函数 模板 实例化“HashIterator<K,V,KeyofValue,HashFun> HTable<K,V,KeyofValue,HashFun>::begin(void)”的引用
                 with
                 [
                     K=int
         ,            V=std::pair<int,int>
         ,            KeyofValue=Map<int,int>::MapKeyofValue
         ,            HashFun=HashFun<int>
                 ]
                 e:\vs-try\温故而知新\哈希表\实现哈希结构\利用线性探测解决哈希冲突 - 副本\project1\main.cpp(255): 参见对正在编译的类 模板 实例化“HTable<K,std::pair<K,V>,Map<K,V>::MapKeyofValue,HashFun<K>>”的引用
                 with
                 [
                     K=int
         ,            V=int
                 ]
                 e:\vs-try\温故而知新\哈希表\实现哈希结构\利用线性探测解决哈希冲突 - 副本\project1\main.cpp(318): 参见对正在编译的类 模板 实例化“Map<int,int>”的引用
     1>e:\vs-try\温故而知新\哈希表\实现哈希结构\利用线性探测解决哈希冲突 - 副本\project1\main.cpp(187): warning C4018: “<”: 有符号/无符号不匹配
                 e:\vs-try\温故而知新\哈希表\实现哈希结构\利用线性探测解决哈希冲突 - 副本\project1\main.cpp(174): 编译类 模板 成员函数“void HTable<K,std::pair<K,V>,Map<K,V>::MapKeyofValue,HashFun<K>>::checkCapacity(void)”时
                 with
                 [
                     K=int
         ,            V=int
                 ]
                 e:\vs-try\温故而知新\哈希表\实现哈希结构\利用线性探测解决哈希冲突 - 副本\project1\main.cpp(213): 参见对正在编译的函数 模板 实例化“void HTable<K,std::pair<K,V>,Map<K,V>::MapKeyofValue,HashFun<K>>::checkCapacity(void)”的引用
                 with
                 [
                     K=int
         ,            V=int
                 ]
       Link:
         D:\VisualStudio2013\VC\bin\link.exe /ERRORREPORT:PROMPT /OUT:"E:\vs-try\温故而知新\哈希表\实现哈希结构\利用线性探测解决哈希冲突 - 副本\Debug\Project1.exe" /INCREMENTAL /NOLOGO kernel32.lib user32.lib gdi32.lib winspool.lib comdlg32.lib advapi32.lib shell32.lib ole32.lib oleaut32.lib uuid.lib odbc32.lib odbccp32.lib /MANIFEST /MANIFESTUAC:"level='asInvoker' uiAccess='false'" /manifest:embed /DEBUG /PDB:"E:\vs-try\温故而知新\哈希表\实现哈希结构\利用线性探测解决哈希冲突 - 副本\Debug\Project1.pdb" /TLBID:1 /DYNAMICBASE /NXCOMPAT /IMPLIB:"E:\vs-try\温故而知新\哈希表\实现哈希结构\利用线性探测解决哈希冲突 - 副本\Debug\Project1.lib" /MACHINE:X86 Debug\main.obj
         Project1.vcxproj -> E:\vs-try\温故而知新\哈希表\实现哈希结构\利用线性探测解决哈希冲突 - 副本\Debug\Project1.exe
     1>已完成生成项目“E:\vs-try\温故而知新\哈希表\实现哈希结构\利用线性探测解决哈希冲突 - 副本\Project1\Project1.vcxproj”(Build 个目标)的操作。

生成成功。

已用时间 00:00:01.34
